<?xml version="1.0" encoding="UTF-8"?>
<beans xmlns="http://www.springframework.org/schema/beans"
       xmlns:xsi="http://www.w3.org/2001/XMLSchema-instance"
       xmlns:tx="http://www.springframework.org/schema/tx"
       xsi:schemaLocation="http://www.springframework.org/schema/beans
                            http://www.springframework.org/schema/beans/spring-beans-3.0.xsd
                            http://www.springframework.org/schema/tx
                            http://www.springframework.org/schema/tx/spring-tx.xsd">

    <bean id="dataSource"
          class="org.springframework.jdbc.datasource.DriverManagerDataSource">
        <property name="driverClassName" value="com.mysql.jdbc.Driver"/>
        <property name="url" value="jdbc:mysql://localhost:3306/db_scheduler_test"/>
        <property name="username" value="app"/>
        <property name="password" value="s3cret"/>
    </bean>

    <bean id="jdbcTemplate" class="org.springframework.jdbc.core.namedparam.NamedParameterJdbcTemplate">
        <constructor-arg ref="dataSource"/>
    </bean>

    <bean id="jpaVendorAdapter"
          class="org.springframework.orm.jpa.vendor.HibernateJpaVendorAdapter">
        <property name="showSql" value="true"/>
        <property name="database" value="MYSQL" />
        <property name="databasePlatform" value="org.hibernate.dialect.MySQL5Dialect" />
    </bean>

    <bean id="jpaDialect" class="org.springframework.orm.jpa.vendor.HibernateJpaDialect" />

    <bean id="entityManagerFactory"
          class="org.springframework.orm.jpa.LocalContainerEntityManagerFactoryBean">
        <property name="persistenceXmlLocation" value="classpath:META-INF/persistence.xml" />
        <property name="persistenceUnitName" value="applicationPersistenceUnit" />
        <property name="dataSource" ref="dataSource" />
        <property name="jpaVendorAdapter" ref="jpaVendorAdapter" />
        <property name="jpaDialect" ref="jpaDialect" />
        <property name="packagesToScan" value="main.java.*" />
    </bean>

    <bean id="transactionManager" class="org.springframework.orm.jpa.JpaTransactionManager">
        <property name="entityManagerFactory" ref="entityManagerFactory" />
        <property name="dataSource" ref="dataSource" />
        <property name="jpaDialect" ref="jpaDialect" />
    </bean>

    <tx:annotation-driven transaction-manager="transactionManager" />

    <bean id="itemDAO" class="main.java.dao.jpa.JPAItemDAO" />

    <bean id="orderDAO" class="main.java.dao.jpa.JPAOrderDAO" />

    <bean id="orderProduct" class="main.java.dao.jpa.JPAOrderProductDAO" />

    <bean id="productDAO" class="main.java.dao.jpa.JPAProductDAO" />

    <bean id="productionPlanDAO" class="main.java.dao.jpa.JPAProductionPlanDAO" />

    <bean id="productOperationDAO" class="main.java.dao.jpa.JPAProductOperationDAO" />

    <bean id="resourceDAO" class="main.java.dao.jpa.JPAResourceDAO" />

    <bean id="resourceTypeDAO" class="main.java.dao.jpa.JPAResourceTypeDAO" />

    <bean id="userDAO" class="main.java.dao.jpa.JPAUserDAO" />
</beans>